Arguments: 
  C:\Program Files\nodejs\node.exe C:\Users\Acer\AppData\Roaming\npm\node_modules\yarn\bin\yarn.js init

PATH: 
  C:\Users\Acer\bin;C:\Program Files\Git\mingw64\bin;C:\Program Files\Git\usr\local\bin;C:\Program Files\Git\usr\bin;C:\Program Files\Git\usr\bin;C:\Program Files\Git\mingw64\bin;C:\Program Files\Git\usr\bin;C:\Users\Acer\bin;C:\tools\ruby23\bin;C:\Program Files\Common Files\Microsoft Shared\Windows Live;C:\Program Files (x86)\Common Files\Microsoft Shared\Windows Live;C:\Windows\system32;C:\Windows;C:\Windows\System32\Wbem;C:\Windows\System32\WindowsPowerShell\v1.0;C:\Program Files (x86)\Windows Live\Shared;C:\Python27;C:\Python27\Scripts;C:\ProgramData\chocolatey\bin;C:\Program Files (x86)\Brackets\command;C:\Program Files\Git\cmd;C:\Program Files\Heroku;C:\Users\Acer\AppData\Local\Programs\Python\Python35;C:\Users\Acer\AppData\Local\Programs\Python\Python35\Scripts;C:\Users\Acer\AppData\Local\Programs\Python\Python36\Scripts;C:\Program Files\MySQL\MySQL Server 5.7\bin;C:\Users\Acer\AppData\Local\Programs\Python\Python36;C:\Users\Acer\AppData\Local\Programs\Python\Python36\Scripts;C:\Program Files\nodejs;C:\Users\Acer\AppData\Local\Programs\Python\Python36\Scripts;C:\Users\Acer\AppData\Local\Programs\Python\Python36;C:\Users\Acer\AppData\Local\atom\bin;C:\Program Files\Heroku\bin;C:\Program Files\Microsoft VS Code\bin;C:\Users\Acer\AppData\Roaming\npm;C:\Program Files\Git\usr\bin\vendor_perl;C:\Program Files\Git\usr\bin\core_perl

Yarn version: 
  1.3.2

Node version: 
  8.9.1

Platform: 
  win32 x64

npm manifest: 
  No manifest

yarn manifest: 
  No manifest

Lockfile: 
  No lockfile

Trace: 
  Error: Can't answer a question unless a user TTY
      at ConsoleReporter.question (C:\Users\Acer\AppData\Roaming\npm\node_modules\yarn\lib\cli.js:87314:59)
      at Object.<anonymous> (C:\Users\Acer\AppData\Roaming\npm\node_modules\yarn\lib\cli.js:81822:38)
      at Generator.next (<anonymous>)
      at step (C:\Users\Acer\AppData\Roaming\npm\node_modules\yarn\lib\cli.js:92:30)
      at C:\Users\Acer\AppData\Roaming\npm\node_modules\yarn\lib\cli.js:103:13
      at <anonymous>
      at process._tickCallback (internal/process/next_tick.js:188:7)
